+ Rscript -e 'Sys.setenv(BIOCONDUCTOR_USE_CONTAINER_REPOSITORY=FALSE); p <- .libPaths(); p <- c('\''/tmp/built'\'', p); .libPaths(p); if(BiocManager::install('\''CancerInSilico'\'', INSTALL_opts = '\''--build'\'', update = TRUE, quiet = FALSE, force = TRUE, keep_outputs = TRUE) %in% rownames(installed.packages())) q(status = 0) else q(status = 1)'
'getOption("repos")' replaces Bioconductor standard repositories, see
'?repositories' for details

replacement repositories:
    CRAN: https://packagemanager.posit.co/cran/latest

Bioconductor version 3.16 (BiocManager 1.30.19), R 4.2.2 (2022-10-31)
Installing package(s) 'CancerInSilico'
also installing the dependency ‘BH’

trying URL 'https://packagemanager.posit.co/cran/latest/src/contrib/BH_1.81.0-1.tar.gz'
Content type 'binary/octet-stream' length 13836083 bytes (13.2 MB)
==================================================
downloaded 13.2 MB

trying URL 'https://bioconductor.org/packages/3.16/bioc/src/contrib/CancerInSilico_2.18.0.tar.gz'
Content type 'application/x-gzip' length 2392469 bytes (2.3 MB)
==================================================
downloaded 2.3 MB

* installing *source* package ‘BH’ ...
** package ‘BH’ successfully unpacked and MD5 sums checked
** using staged installation
** inst
** help
*** installing help indices
** building package indices
** testing if installed package can be loaded from temporary location
** testing if installed package can be loaded from final location
** testing if installed package keeps a record of temporary installation path
* creating tarball
packaged installation of ‘BH’ as ‘BH_1.81.0-1_R_aarch64-unknown-linux-gnu.tar.gz’
* DONE (BH)
* installing *source* package ‘CancerInSilico’ ...
** using staged installation
** libs
g++ -std=gnu++14 -I"/usr/local/lib/R/include" -DNDEBUG  -I'/usr/local/lib/R/site-library/Rcpp/include' -I'/tmp/built/BH/include' -I/usr/local/include   -fpic  -g -O2 -fstack-protector-strong -Wformat -Werror=format-security -Wdate-time -D_FORTIFY_SOURCE=2 -g  -c RunModel.cpp -o RunModel.o
g++ -std=gnu++14 -I"/usr/local/lib/R/include" -DNDEBUG  -I'/usr/local/lib/R/site-library/Rcpp/include' -I'/tmp/built/BH/include' -I/usr/local/include   -fpic  -g -O2 -fstack-protector-strong -Wformat -Werror=format-security -Wdate-time -D_FORTIFY_SOURCE=2 -g  -c RcppExports.cpp -o RcppExports.o
g++ -std=gnu++14 -I"/usr/local/lib/R/include" -DNDEBUG  -I'/usr/local/lib/R/site-library/Rcpp/include' -I'/tmp/built/BH/include' -I/usr/local/include   -fpic  -g -O2 -fstack-protector-strong -Wformat -Werror=format-security -Wdate-time -D_FORTIFY_SOURCE=2 -g  -c CellModels/DrasdoHohmeModel.cpp -o CellModels/DrasdoHohmeModel.o
g++ -std=gnu++14 -I"/usr/local/lib/R/include" -DNDEBUG  -I'/usr/local/lib/R/site-library/Rcpp/include' -I'/tmp/built/BH/include' -I/usr/local/include   -fpic  -g -O2 -fstack-protector-strong -Wformat -Werror=format-security -Wdate-time -D_FORTIFY_SOURCE=2 -g  -c OffLatticeModel/OffLatticeCell.cpp -o OffLatticeModel/OffLatticeCell.o
g++ -std=gnu++14 -I"/usr/local/lib/R/include" -DNDEBUG  -I'/usr/local/lib/R/site-library/Rcpp/include' -I'/tmp/built/BH/include' -I/usr/local/include   -fpic  -g -O2 -fstack-protector-strong -Wformat -Werror=format-security -Wdate-time -D_FORTIFY_SOURCE=2 -g  -c OffLatticeModel/OffLatticeCellBasedModel.cpp -o OffLatticeModel/OffLatticeCellBasedModel.o
g++ -std=gnu++14 -I"/usr/local/lib/R/include" -DNDEBUG  -I'/usr/local/lib/R/site-library/Rcpp/include' -I'/tmp/built/BH/include' -I/usr/local/include   -fpic  -g -O2 -fstack-protector-strong -Wformat -Werror=format-security -Wdate-time -D_FORTIFY_SOURCE=2 -g  -c OffLatticeModel/OffLatticeRadiusSolver.cpp -o OffLatticeModel/OffLatticeRadiusSolver.o
g++ -std=gnu++14 -I"/usr/local/lib/R/include" -DNDEBUG  -I'/usr/local/lib/R/site-library/Rcpp/include' -I'/tmp/built/BH/include' -I/usr/local/include   -fpic  -g -O2 -fstack-protector-strong -Wformat -Werror=format-security -Wdate-time -D_FORTIFY_SOURCE=2 -g  -c Core/Cell.cpp -o Core/Cell.o
g++ -std=gnu++14 -I"/usr/local/lib/R/include" -DNDEBUG  -I'/usr/local/lib/R/site-library/Rcpp/include' -I'/tmp/built/BH/include' -I/usr/local/include   -fpic  -g -O2 -fstack-protector-strong -Wformat -Werror=format-security -Wdate-time -D_FORTIFY_SOURCE=2 -g  -c Core/CellBasedModel.cpp -o Core/CellBasedModel.o
g++ -std=gnu++14 -I"/usr/local/lib/R/include" -DNDEBUG  -I'/usr/local/lib/R/site-library/Rcpp/include' -I'/tmp/built/BH/include' -I/usr/local/include   -fpic  -g -O2 -fstack-protector-strong -Wformat -Werror=format-security -Wdate-time -D_FORTIFY_SOURCE=2 -g  -c Core/CellType.cpp -o Core/CellType.o
g++ -std=gnu++14 -I"/usr/local/lib/R/include" -DNDEBUG  -I'/usr/local/lib/R/site-library/Rcpp/include' -I'/tmp/built/BH/include' -I/usr/local/include   -fpic  -g -O2 -fstack-protector-strong -Wformat -Werror=format-security -Wdate-time -D_FORTIFY_SOURCE=2 -g  -c Core/Drug.cpp -o Core/Drug.o
g++ -std=gnu++14 -I"/usr/local/lib/R/include" -DNDEBUG  -I'/usr/local/lib/R/site-library/Rcpp/include' -I'/tmp/built/BH/include' -I/usr/local/include   -fpic  -g -O2 -fstack-protector-strong -Wformat -Werror=format-security -Wdate-time -D_FORTIFY_SOURCE=2 -g  -c Core/Random.cpp -o Core/Random.o
g++ -std=gnu++14 -I"/usr/local/lib/R/include" -DNDEBUG  -I'/usr/local/lib/R/site-library/Rcpp/include' -I'/tmp/built/BH/include' -I/usr/local/include   -fpic  -g -O2 -fstack-protector-strong -Wformat -Werror=format-security -Wdate-time -D_FORTIFY_SOURCE=2 -g  -c test-runner.cpp -o test-runner.o
In file included from /usr/include/signal.h:328,
                 from Tests/catch.h:2070,
                 from test-runner.cpp:2:
Tests/catch.h:6473:33: error: size of array ‘altStackMem’ is not an integral constant-expression
 6473 |         static char altStackMem[SIGSTKSZ];
      |                                 ^~~~~~~~
Tests/catch.h:6524:45: error: size of array ‘altStackMem’ is not an integral constant-expression
 6524 |     char FatalConditionHandler::altStackMem[SIGSTKSZ] = {};
      |                                             ^~~~~~~~
make: *** [/usr/local/lib/R/etc/Makeconf:178: test-runner.o] Error 1
ERROR: compilation failed for package ‘CancerInSilico’
* removing ‘/tmp/built/CancerInSilico’

The downloaded source packages are in
	‘/tmp/RtmpkhHvh5/downloaded_packages’
Old packages: 'BiocManager', 'cachem', 'fastmap', 'fs', 'gh', 'httpuv', 'httr',
  'sourcetools', 'tinytex', 'utf8', 'xfun', 'codetools', 'mgcv', 'nlme',
  'survival'
Warning message:
In install.packages(...) :
  installation of package ‘CancerInSilico’ had non-zero exit status

real	9m37.470s
user	9m26.929s
sys	0m8.602s
